<?xml version="1.0" encoding="UTF-8"?>
<!-- Generated by org.testng.reporters.JUnitXMLReporter -->
<testsuite ignored="0" hostname="DESKTOP-55BVUSQ" failures="0" tests="5" name="Surefire test" time="0.551" errors="0" timestamp="2025-05-06T23:18:14 IST">
  <testcase classname="SeleniumTest.TestLibraries" name="@BeforeClass beforeClass" time="0.384">
    <failure type="org.openqa.selenium.remote.NoSuchDriverException" message="Unable to obtain: chromedriver, error chromedriver must exist: D:\chromedriver-win64 (1)\chromedriver-win64.exe
For documentation on this error, please visit: https://www.selenium.dev/documentation/webdriver/troubleshooting/errors/driver_location/
Build info: version: &amp;apos;4.27.0&amp;apos;, revision: &amp;apos;d6e718d134&amp;apos;
System info: os.name: &amp;apos;Windows 10&amp;apos;, os.arch: &amp;apos;amd64&amp;apos;, os.version: &amp;apos;10.0&amp;apos;, java.version: &amp;apos;21.0.6&amp;apos;
Driver info: driver.version: ChromeDriver">
      <![CDATA[org.openqa.selenium.remote.NoSuchDriverException: Unable to obtain: chromedriver, error chromedriver must exist: D:\chromedriver-win64 (1)\chromedriver-win64.exe
For documentation on this error, please visit: https://www.selenium.dev/documentation/webdriver/troubleshooting/errors/driver_location/
Build info: version: '4.27.0', revision: 'd6e718d134'
System info: os.name: 'Windows 10', os.arch: 'amd64', os.version: '10.0', java.version: '21.0.6'
Driver info: driver.version: ChromeDriver
at org.openqa.selenium.remote.service.DriverFinder.getBinaryPaths(DriverFinder.java:121)
at org.openqa.selenium.remote.service.DriverFinder.getDriverPath(DriverFinder.java:55)
at org.openqa.selenium.chrome.ChromeDriver.generateExecutor(ChromeDriver.java:99)
at org.openqa.selenium.chrome.ChromeDriver.<init>(ChromeDriver.java:88)
at org.openqa.selenium.chrome.ChromeDriver.<init>(ChromeDriver.java:83)
at org.openqa.selenium.chrome.ChromeDriver.<init>(ChromeDriver.java:51)
at SeleniumTest.TestLibraries.beforeClass(TestLibraries.java:225)
at java.base/java.util.ArrayList.forEach(ArrayList.java:1596)
Caused by: java.lang.IllegalStateException: chromedriver must exist: D:\chromedriver-win64 (1)\chromedriver-win64.exe
at org.openqa.selenium.internal.Require$PathStateChecker.isExecutable(Require.java:478)
at org.openqa.selenium.remote.service.DriverFinder.getBinaryPaths(DriverFinder.java:118)
... 35 more
... Removed 28 stack frames]]>
    </failure>
  </testcase> <!-- @BeforeClass beforeClass -->
  <testcase classname="SeleniumTest.TestLibraries" name="@BeforeMethod dp" time="0.0">
    <skipped/>
  </testcase> <!-- @BeforeMethod dp -->
  <testcase classname="SeleniumTest.TestLibraries" name="@BeforeMethod dp" time="0.0">
    <skipped/>
  </testcase> <!-- @BeforeMethod dp -->
  <testcase classname="SeleniumTest.TestLibraries" name="@BeforeMethod dp" time="0.0">
    <skipped/>
  </testcase> <!-- @BeforeMethod dp -->
  <testcase classname="SeleniumTest.TestLibraries" name="@BeforeMethod dp" time="0.0">
    <skipped/>
  </testcase> <!-- @BeforeMethod dp -->
  <testcase classname="SeleniumTest.TestLibraries" name="@BeforeMethod dp" time="0.0">
    <skipped/>
  </testcase> <!-- @BeforeMethod dp -->
  <testcase classname="SeleniumTest.TestLibraries" name="@AfterClass afterClass" time="0.0">
    <skipped/>
  </testcase> <!-- @AfterClass afterClass -->
  <testcase classname="SeleniumTest.TestLibraries" name="Login_Test" time="0.0">
    <skipped/>
  </testcase> <!-- Login_Test -->
  <testcase classname="SeleniumTest.TestLibraries" name="Get_BillDetails" time="0.001">
    <skipped/>
  </testcase> <!-- Get_BillDetails -->
  <testcase classname="SeleniumTest.TestLibraries" name="Edit_task" time="0.001">
    <skipped/>
  </testcase> <!-- Edit_task -->
  <testcase classname="SeleniumTest.TestLibraries" name="Edit_task" time="0.001">
    <skipped/>
  </testcase> <!-- Edit_task -->
  <testcase classname="SeleniumTest.TestLibraries" name="Logout_App" time="0.0">
    <skipped/>
  </testcase> <!-- Logout_App -->
</testsuite> <!-- Surefire test -->
